#
# There is insufficient memory for the Java Runtime Environment to continue.
# Native memory allocation (malloc) failed to allocate 1116096 bytes for Chunk::new
# Possible reasons:
#   The system is out of physical RAM or swap space
#   In 32 bit mode, the process size limit was hit
# Possible solutions:
#   Reduce memory load on the system
#   Increase physical memory or swap space
#   Check if swap backing store is full
#   Use 64 bit Java on a 64 bit OS
#   Decrease Java heap size (-Xmx/-Xms)
#   Decrease number of Java threads
#   Decrease Java thread stack sizes (-Xss)
#   Set larger code cache with -XX:ReservedCodeCacheSize=
# This output file may be truncated or incomplete.
#
#  Out of Memory Error (allocation.cpp:390), pid=11704, tid=0x0000000000001e7c
#
# JRE version: OpenJDK Runtime Environment (8.0_112-b06) (build 1.8.0_112-release-b06)
# Java VM: OpenJDK 64-Bit Server VM (25.112-b06 mixed mode windows-amd64 compressed oops)
# Failed to write core dump. Minidumps are not enabled by default on client versions of Windows
#

---------------  T H R E A D  ---------------

Current thread (0x0000000001e94000):  JavaThread "C2 CompilerThread1" daemon [_thread_in_native, id=7804, stack(0x0000000019620000,0x0000000019720000)]

Stack: [0x0000000019620000,0x0000000019720000]
[error occurred during error reporting (printing stack bounds), id 0xc0000005]

Native frames: (J=compiled Java code, j=interpreted, Vv=VM code, C=native code)


Current CompileTask:
C2:   4599 1351       4       java.net.URLClassLoader$1::run (5 bytes)


---------------  P R O C E S S  ---------------

Java Threads: ( => current thread )
  0x000000001b123800 JavaThread "Stdin handler" [_thread_blocked, id=2808, stack(0x000000001c5b0000,0x000000001c6b0000)]
  0x000000001b123000 JavaThread "Asynchronous log dispatcher for DefaultDaemonConnection: socket connection from /127.0.0.1:62646 to /127.0.0.1:62647" [_thread_blocked, id=10920, stack(0x000000001c4b0000,0x000000001c5b0000)]
  0x000000001b127800 JavaThread "Daemon worker" [_thread_in_vm, id=6588, stack(0x000000001c3b0000,0x000000001c4b0000)]
  0x000000001ac9a800 JavaThread "Cancel handler" [_thread_blocked, id=6236, stack(0x000000001c2b0000,0x000000001c3b0000)]
  0x000000001ac99800 JavaThread "pool-1-thread-1" [_thread_blocked, id=11576, stack(0x000000001c1b0000,0x000000001c2b0000)]
  0x000000001adc5800 JavaThread "Handler for socket connection from /127.0.0.1:62646 to /127.0.0.1:62647" [_thread_in_native, id=10060, stack(0x000000001c0b0000,0x000000001c1b0000)]
  0x000000001adc0800 JavaThread "Daemon" [_thread_blocked, id=6600, stack(0x000000001bfb0000,0x000000001c0b0000)]
  0x000000001acf6800 JavaThread "Incoming local TCP Connector on port 62646" [_thread_in_native, id=6000, stack(0x000000001b5f0000,0x000000001b6f0000)]
  0x0000000019850800 JavaThread "Service Thread" daemon [_thread_blocked, id=11272, stack(0x0000000019c20000,0x0000000019d20000)]
  0x0000000001e97800 JavaThread "C1 CompilerThread2" daemon [_thread_blocked, id=2744, stack(0x0000000019720000,0x0000000019820000)]
=>0x0000000001e94000 JavaThread "C2 CompilerThread1" daemon [_thread_in_native, id=7804, stack(0x0000000019620000,0x0000000019720000)]
  0x0000000001e8e800 JavaThread "C2 CompilerThread0" daemon [_thread_blocked, id=6380, stack(0x0000000019520000,0x0000000019620000)]
  0x0000000001e8d000 JavaThread "Attach Listener" daemon [_thread_blocked, id=8408, stack(0x0000000019420000,0x0000000019520000)]
  0x0000000001e8c000 JavaThread "Signal Dispatcher" daemon [_thread_blocked, id=5192, stack(0x0000000019320000,0x0000000019420000)]
  0x000000000101c800 JavaThread "Finalizer" daemon [_thread_blocked, id=1404, stack(0x0000000019120000,0x0000000019220000)]
  0x0000000001011800 JavaThread "Reference Handler" daemon [_thread_blocked, id=3568, stack(0x0000000019020000,0x0000000019120000)]
  0x0000000000f1d800 JavaThread "main" [_thread_blocked, id=1668, stack(0x0000000000e10000,0x0000000000f10000)]

Other Threads:
  0x0000000001e56800 VMThread [stack: 0x0000000018f20000,0x0000000019020000] [id=4492]
  0x0000000001eed800 WatcherThread [stack: 0x0000000019d20000,0x0000000019e20000] [id=10600]

VM state:not at safepoint (normal execution)

VM Mutex/Monitor currently owned by a thread: None

Heap:
 PSYoungGen      total 18944K, used 11447K [0x00000000e0000000, 0x00000000e1500000, 0x0000000100000000)
  eden space 16384K, 54% used [0x00000000e0000000,0x00000000e08adfd8,0x00000000e1000000)
  from space 2560K, 100% used [0x00000000e1000000,0x00000000e1280000,0x00000000e1280000)
  to   space 2560K, 0% used [0x00000000e1280000,0x00000000e1280000,0x00000000e1500000)
 ParOldGen       total 44032K, used 6174K [0x00000000a0000000, 0x00000000a2b00000, 0x00000000e0000000)
  object space 44032K, 14% used [0x00000000a0000000,0x00000000a0607bb8,0x00000000a2b00000)
 Metaspace       used 15599K, capacity 15924K, committed 16128K, reserved 1062912K
  class space    used 2149K, capacity 2253K, committed 2304K, reserved 1048576K

Card table byte_map: [0x00000000013e0000,0x00000000016f0000] byte_map_base: 0x0000000000ee0000

Marking Bits: (ParMarkBitMap*) 0x0000000061d318f0
 Begin Bits: [0x0000000014410000, 0x0000000015c10000)
 End Bits:   [0x0000000015c10000, 0x0000000017410000)

Polling page: 0x0000000000b20000

CodeCache: size=245760Kb used=4934Kb max_used=4934Kb free=240826Kb
 bounds [0x0000000005410000, 0x00000000058f0000, 0x0000000014410000]
 total_blobs=1795 nmethods=1408 adapters=300
 compilation: enabled

Compilation events (10 events):
Event: 4.548 Thread 0x0000000001e97800 1401       3       org.objectweb.asm.Type::a (269 bytes)
Event: 4.549 Thread 0x0000000001e97800 nmethod 1401 0x00000000058df490 code [0x00000000058df680, 0x00000000058dff70]
Event: 4.549 Thread 0x0000000001e97800 1402       3       org.objectweb.asm.ByteVector::putShort (52 bytes)
Event: 4.550 Thread 0x0000000001e97800 nmethod 1402 0x00000000058e0350 code [0x00000000058e04c0, 0x00000000058e0708]
Event: 4.572 Thread 0x0000000001e97800 1403       3       java.util.LinkedList::unlink (91 bytes)
Event: 4.572 Thread 0x0000000001e97800 nmethod 1403 0x00000000058e0890 code [0x00000000058e0a00, 0x00000000058e0cd0]
Event: 4.572 Thread 0x0000000001e97800 1404       3       org.gradle.internal.service.DefaultServiceRegistry$FactoryService::<init> (11 bytes)
Event: 4.573 Thread 0x0000000001e97800 nmethod 1404 0x00000000058e0dd0 code [0x00000000058e0f80, 0x00000000058e17c8]
Event: 4.587 Thread 0x0000000001e97800 1405       3       java.util.concurrent.locks.AbstractQueuedSynchronizer::setState (6 bytes)
Event: 4.588 Thread 0x0000000001e97800 nmethod 1405 0x00000000058cfad0 code [0x00000000058cfc20, 0x00000000058cfd70]

GC Heap History (10 events):
Event: 1.125 GC heap before
{Heap before GC invocations=1 (full 0):
 PSYoungGen      total 18944K, used 16384K [0x00000000e0000000, 0x00000000e1500000, 0x0000000100000000)
  eden space 16384K, 100% used [0x00000000e0000000,0x00000000e1000000,0x00000000e1000000)
  from space 2560K, 0% used [0x00000000e1280000,0x00000000e1280000,0x00000000e1500000)
  to   space 2560K, 0% used [0x00000000e1000000,0x00000000e1000000,0x00000000e1280000)
 ParOldGen       total 44032K, used 0K [0x00000000a0000000, 0x00000000a2b00000, 0x00000000e0000000)
  object space 44032K, 0% used [0x00000000a0000000,0x00000000a0000000,0x00000000a2b00000)
 Metaspace       used 6186K, capacity 6292K, committed 6528K, reserved 1056768K
  class space    used 758K, capacity 796K, committed 896K, reserved 1048576K
Event: 1.133 GC heap after
Heap after GC invocations=1 (full 0):
 PSYoungGen      total 18944K, used 2558K [0x00000000e0000000, 0x00000000e1500000, 0x0000000100000000)
  eden space 16384K, 0% used [0x00000000e0000000,0x00000000e0000000,0x00000000e1000000)
  from space 2560K, 99% used [0x00000000e1000000,0x00000000e127fb50,0x00000000e1280000)
  to   space 2560K, 0% used [0x00000000e1280000,0x00000000e1280000,0x00000000e1500000)
 ParOldGen       total 44032K, used 610K [0x00000000a0000000, 0x00000000a2b00000, 0x00000000e0000000)
  object space 44032K, 1% used [0x00000000a0000000,0x00000000a0098968,0x00000000a2b00000)
 Metaspace       used 6186K, capacity 6292K, committed 6528K, reserved 1056768K
  class space    used 758K, capacity 796K, committed 896K, reserved 1048576K
}
Event: 1.608 GC heap before
{Heap before GC invocations=2 (full 0):
 PSYoungGen      total 18944K, used 18929K [0x00000000e0000000, 0x00000000e1500000, 0x0000000100000000)
  eden space 16384K, 99% used [0x00000000e0000000,0x00000000e0ffc990,0x00000000e1000000)
  from space 2560K, 99% used [0x00000000e1000000,0x00000000e127fb50,0x00000000e1280000)
  to   space 2560K, 0% used [0x00000000e1280000,0x00000000e1280000,0x00000000e1500000)
 ParOldGen       total 44032K, used 610K [0x00000000a0000000, 0x00000000a2b00000, 0x00000000e0000000)
  object space 44032K, 1% used [0x00000000a0000000,0x00000000a0098968,0x00000000a2b00000)
 Metaspace       used 6797K, capacity 6964K, committed 7040K, reserved 1056768K
  class space    used 832K, capacity 892K, committed 896K, reserved 1048576K
Event: 1.613 GC heap after
Heap after GC invocations=2 (full 0):
 PSYoungGen      total 18944K, used 2445K [0x00000000e0000000, 0x00000000e1500000, 0x0000000100000000)
  eden space 16384K, 0% used [0x00000000e0000000,0x00000000e0000000,0x00000000e1000000)
  from space 2560K, 95% used [0x00000000e1280000,0x00000000e14e37d8,0x00000000e1500000)
  to   space 2560K, 0% used [0x00000000e1000000,0x00000000e1000000,0x00000000e1280000)
 ParOldGen       total 44032K, used 618K [0x00000000a0000000, 0x00000000a2b00000, 0x00000000e0000000)
  object space 44032K, 1% used [0x00000000a0000000,0x00000000a009a968,0x00000000a2b00000)
 Metaspace       used 6797K, capacity 6964K, committed 7040K, reserved 1056768K
  class space    used 832K, capacity 892K, committed 896K, reserved 1048576K
}
Event: 2.509 GC heap before
{Heap before GC invocations=3 (full 0):
 PSYoungGen      total 18944K, used 18829K [0x00000000e0000000, 0x00000000e1500000, 0x0000000100000000)
  eden space 16384K, 100% used [0x00000000e0000000,0x00000000e1000000,0x00000000e1000000)
  from space 2560K, 95% used [0x00000000e1280000,0x00000000e14e37d8,0x00000000e1500000)
  to   space 2560K, 0% used [0x00000000e1000000,0x00000000e1000000,0x00000000e1280000)
 ParOldGen       total 44032K, used 618K [0x00000000a0000000, 0x00000000a2b00000, 0x00000000e0000000)
  object space 44032K, 1% used [0x00000000a0000000,0x00000000a009a968,0x00000000a2b00000)
 Metaspace       used 8801K, capacity 8978K, committed 9216K, reserved 1056768K
  class space    used 1123K, capacity 1221K, committed 1280K, reserved 1048576K
Event: 2.514 GC heap after
Heap after GC invocations=3 (full 0):
 PSYoungGen      total 18944K, used 2544K [0x00000000e0000000, 0x00000000e1500000, 0x0000000100000000)
  eden space 16384K, 0% used [0x00000000e0000000,0x00000000e0000000,0x00000000e1000000)
  from space 2560K, 99% used [0x00000000e1000000,0x00000000e127c010,0x00000000e1280000)
  to   space 2560K, 0% used [0x00000000e1280000,0x00000000e1280000,0x00000000e1500000)
 ParOldGen       total 44032K, used 1787K [0x00000000a0000000, 0x00000000a2b00000, 0x00000000e0000000)
  object space 44032K, 4% used [0x00000000a0000000,0x00000000a01bef50,0x00000000a2b00000)
 Metaspace       used 8801K, capacity 8978K, committed 9216K, reserved 1056768K
  class space    used 1123K, capacity 1221K, committed 1280K, reserved 1048576K
}
Event: 3.863 GC heap before
{Heap before GC invocations=4 (full 0):
 PSYoungGen      total 18944K, used 18928K [0x00000000e0000000, 0x00000000e1500000, 0x0000000100000000)
  eden space 16384K, 100% used [0x00000000e0000000,0x00000000e1000000,0x00000000e1000000)
  from space 2560K, 99% used [0x00000000e1000000,0x00000000e127c010,0x00000000e1280000)
  to   space 2560K, 0% used [0x00000000e1280000,0x00000000e1280000,0x00000000e1500000)
 ParOldGen       total 44032K, used 1787K [0x00000000a0000000, 0x00000000a2b00000, 0x00000000e0000000)
  object space 44032K, 4% used [0x00000000a0000000,0x00000000a01bef50,0x00000000a2b00000)
 Metaspace       used 13049K, capacity 13364K, committed 13440K, reserved 1060864K
  class space    used 1735K, capacity 1869K, committed 1920K, reserved 1048576K
Event: 3.873 GC heap after
Heap after GC invocations=4 (full 0):
 PSYoungGen      total 18944K, used 2560K [0x00000000e0000000, 0x00000000e1500000, 0x0000000100000000)
  eden space 16384K, 0% used [0x00000000e0000000,0x00000000e0000000,0x00000000e1000000)
  from space 2560K, 100% used [0x00000000e1280000,0x00000000e1500000,0x00000000e1500000)
  to   space 2560K, 0% used [0x00000000e1000000,0x00000000e1000000,0x00000000e1280000)
 ParOldGen       total 44032K, used 4012K [0x00000000a0000000, 0x00000000a2b00000, 0x00000000e0000000)
  object space 44032K, 9% used [0x00000000a0000000,0x00000000a03eb3c0,0x00000000a2b00000)
 Metaspace       used 13049K, capacity 13364K, committed 13440K, reserved 1060864K
  class space    used 1735K, capacity 1869K, committed 1920K, reserved 1048576K
}
Event: 4.273 GC heap before
{Heap before GC invocations=5 (full 0):
 PSYoungGen      total 18944K, used 18944K [0x00000000e0000000, 0x00000000e1500000, 0x0000000100000000)
  eden space 16384K, 100% used [0x00000000e0000000,0x00000000e1000000,0x00000000e1000000)
  from space 2560K, 100% used [0x00000000e1280000,0x00000000e1500000,0x00000000e1500000)
  to   space 2560K, 0% used [0x00000000e1000000,0x00000000e1000000,0x00000000e1280000)
 ParOldGen       total 44032K, used 4012K [0x00000000a0000000, 0x00000000a2b00000, 0x00000000e0000000)
  object space 44032K, 9% used [0x00000000a0000000,0x00000000a03eb3c0,0x00000000a2b00000)
 Metaspace       used 14550K, capacity 14804K, committed 14976K, reserved 1062912K
  class space    used 1981K, capacity 2093K, committed 2176K, reserved 1048576K
Event: 4.281 GC heap after
Heap after GC invocations=5 (full 0):
 PSYoungGen      total 18944K, used 2560K [0x00000000e0000000, 0x00000000e1500000, 0x0000000100000000)
  eden space 16384K, 0% used [0x00000000e0000000,0x00000000e0000000,0x00000000e1000000)
  from space 2560K, 100% used [0x00000000e1000000,0x00000000e1280000,0x00000000e1280000)
  to   space 2560K, 0% used [0x00000000e1280000,0x00000000e1280000,0x00000000e1500000)
 ParOldGen       total 44032K, used 6174K [0x00000000a0000000, 0x00000000a2b00000, 0x00000000e0000000)
  object space 44032K, 14% used [0x00000000a0000000,0x00000000a0607bb8,0x00000000a2b00000)
 Metaspace       used 14550K, capacity 14804K, committed 14976K, reserved 1062912K
  class space    used 1981K, capacity 2093K, committed 2176K, reserved 1048576K
}

Deoptimization events (10 events):
Event: 3.584 Thread 0x0000000000f1d800 Uncommon trap: reason=unstable_if action=reinterpret pc=0x000000000570a4b0 method=java.util.LinkedHashMap.afterNodeInsertion(Z)V @ 1
Event: 3.597 Thread 0x0000000000f1d800 Uncommon trap: reason=class_check action=maybe_recompile pc=0x0000000005690700 method=java.util.HashMap.putVal(ILjava/lang/Object;Ljava/lang/Object;ZZ)Ljava/lang/Object; @ 203
Event: 3.620 Thread 0x0000000000f1d800 Uncommon trap: reason=class_check action=maybe_recompile pc=0x0000000005690700 method=java.util.HashMap.putVal(ILjava/lang/Object;Ljava/lang/Object;ZZ)Ljava/lang/Object; @ 203
Event: 3.737 Thread 0x000000001b127800 Uncommon trap: reason=unstable_if action=reinterpret pc=0x00000000057a9f9c method=org.gradle.internal.logging.text.AbstractLineChoppingStyledTextOutput.doAppend(Ljava/lang/String;)V @ 135
Event: 3.745 Thread 0x000000001b127800 Uncommon trap: reason=bimorphic action=maybe_recompile pc=0x0000000005686638 method=java.util.HashMap.putVal(ILjava/lang/Object;Ljava/lang/Object;ZZ)Ljava/lang/Object; @ 253
Event: 3.745 Thread 0x000000001b127800 Uncommon trap: reason=bimorphic action=maybe_recompile pc=0x0000000005686638 method=java.util.HashMap.putVal(ILjava/lang/Object;Ljava/lang/Object;ZZ)Ljava/lang/Object; @ 253
Event: 3.746 Thread 0x000000001b127800 Uncommon trap: reason=bimorphic action=maybe_recompile pc=0x0000000005686638 method=java.util.HashMap.putVal(ILjava/lang/Object;Ljava/lang/Object;ZZ)Ljava/lang/Object; @ 253
Event: 3.746 Thread 0x000000001b127800 Uncommon trap: reason=bimorphic action=maybe_recompile pc=0x0000000005686638 method=java.util.HashMap.putVal(ILjava/lang/Object;Ljava/lang/Object;ZZ)Ljava/lang/Object; @ 253
Event: 4.110 Thread 0x000000001b127800 Uncommon trap: reason=class_check action=maybe_recompile pc=0x0000000005682b1c method=java.util.regex.Matcher.match(II)Z @ 86
Event: 4.114 Thread 0x000000001b127800 Uncommon trap: reason=class_check action=maybe_recompile pc=0x0000000005682b1c method=java.util.regex.Matcher.match(II)Z @ 86

Internal exceptions (10 events):
Event: 3.627 Thread 0x0000000000f1d800 Exception <a 'java/lang/ArrayIndexOutOfBoundsException'> (0x00000000e09df7e0) thrown at [C:\src\android\AOSP-openjdk\external\jetbrains\jdk\hotspot\src\share\vm\runtime\sharedRuntime.cpp, line 605]
Event: 3.636 Thread 0x000000001adc5800 Exception <a 'java/lang/NoSuchMethodError': <clinit>> (0x00000000e0a3c4c8) thrown at [C:\src\android\AOSP-openjdk\external\jetbrains\jdk\hotspot\src\share\vm\prims\jni.cpp, line 1613]
Event: 3.640 Thread 0x0000000000f1d800 Exception <a 'java/lang/ArrayIndexOutOfBoundsException'> (0x00000000e09ed8b8) thrown at [C:\src\android\AOSP-openjdk\external\jetbrains\jdk\hotspot\src\share\vm\runtime\sharedRuntime.cpp, line 605]
Event: 3.647 Thread 0x000000001adc5800 Exception <a 'java/lang/NoSuchMethodError': <clinit>> (0x00000000e0a66278) thrown at [C:\src\android\AOSP-openjdk\external\jetbrains\jdk\hotspot\src\share\vm\prims\jni.cpp, line 1613]
Event: 3.651 Thread 0x000000001adc5800 Exception <a 'java/lang/NoSuchMethodError': <clinit>> (0x00000000e0a739e0) thrown at [C:\src\android\AOSP-openjdk\external\jetbrains\jdk\hotspot\src\share\vm\prims\jni.cpp, line 1613]
Event: 3.677 Thread 0x000000001adc5800 Exception <a 'java/lang/NoSuchMethodError': <clinit>> (0x00000000e0aecb18) thrown at [C:\src\android\AOSP-openjdk\external\jetbrains\jdk\hotspot\src\share\vm\prims\jni.cpp, line 1613]
Event: 3.725 Thread 0x000000001b127800 Exception <a 'java/lang/NoSuchMethodError': <clinit>> (0x00000000e0b6fd08) thrown at [C:\src\android\AOSP-openjdk\external\jetbrains\jdk\hotspot\src\share\vm\prims\jni.cpp, line 1613]
Event: 3.727 Thread 0x000000001b127800 Exception <a 'java/lang/NoSuchMethodError': <clinit>> (0x00000000e0b77f90) thrown at [C:\src\android\AOSP-openjdk\external\jetbrains\jdk\hotspot\src\share\vm\prims\jni.cpp, line 1613]
Event: 3.804 Thread 0x000000001b127800 Exception <a 'java/lang/ArrayIndexOutOfBoundsException'> (0x00000000e0d9d200) thrown at [C:\src\android\AOSP-openjdk\external\jetbrains\jdk\hotspot\src\share\vm\runtime\sharedRuntime.cpp, line 605]
Event: 3.836 Thread 0x000000001b127800 Exception <a 'java/lang/ArrayIndexOutOfBoundsException'> (0x00000000e0e70af8) thrown at [C:\src\android\AOSP-openjdk\external\jetbrains\jdk\hotspot\src\share\vm\runtime\sharedRuntime.cpp, line 605]

Events (10 events):
Event: 4.577 loading class org/gradle/language/nativeplatform/internal/incremental/CompilationStateCacheFactory
Event: 4.577 loading class org/gradle/language/nativeplatform/internal/incremental/CompilationStateCacheFactory done
Event: 4.579 loading class org/gradle/api/internal/tasks/CompileServices$GradleScopeCompileServices
Event: 4.579 loading class org/gradle/api/internal/tasks/CompileServices$GradleScopeCompileServices done
Event: 4.580 loading class org/gradle/api/internal/tasks/compile/incremental/jar/JarSnapshotCache
Event: 4.580 loading class org/gradle/api/internal/tasks/compile/incremental/jar/JarSnapshotCache done
Event: 4.581 loading class org/gradle/api/internal/tasks/compile/incremental/analyzer/ClassAnalysisCache
Event: 4.581 loading class org/gradle/api/internal/tasks/compile/incremental/analyzer/ClassAnalysisCache done
Event: 4.590 loading class org/gradle/api/internal/tasks/compile/incremental/cache/GeneralCompileCaches
Event: 4.590 loading class org/gradle/api/internal/tasks/compile/incremental/cache/GeneralCompileCaches done


Dynamic libraries:
0x00007ff606070000 - 0x00007ff6060a1000 	C:\Program Files\Android\Android Studio\jre\bin\java.exe
0x00007ffb8f6c0000 - 0x00007ffb8f8a0000 	C:\WINDOWS\SYSTEM32\ntdll.dll
0x00007ffb8f1b0000 - 0x00007ffb8f25e000 	C:\WINDOWS\System32\KERNEL32.DLL
0x00007ffb8bae0000 - 0x00007ffb8bd46000 	C:\WINDOWS\System32\KERNELBASE.dll
0x00007ffb8eae0000 - 0x00007ffb8eb81000 	C:\WINDOWS\System32\ADVAPI32.dll
0x00007ffb8f4a0000 - 0x00007ffb8f53d000 	C:\WINDOWS\System32\msvcrt.dll
0x00007ffb8e900000 - 0x00007ffb8e95b000 	C:\WINDOWS\System32\sechost.dll
0x00007ffb8f570000 - 0x00007ffb8f68f000 	C:\WINDOWS\System32\RPCRT4.dll
0x00007ffb8dfd0000 - 0x00007ffb8e15f000 	C:\WINDOWS\System32\USER32.dll
0x00007ffb8bac0000 - 0x00007ffb8bae0000 	C:\WINDOWS\System32\win32u.dll
0x00007ffb8f540000 - 0x00007ffb8f568000 	C:\WINDOWS\System32\GDI32.dll
0x00007ffb8c5a0000 - 0x00007ffb8c733000 	C:\WINDOWS\System32\gdi32full.dll
0x00007ffb8c9c0000 - 0x00007ffb8ca5b000 	C:\WINDOWS\System32\msvcp_win.dll
0x00007ffb8c4a0000 - 0x00007ffb8c596000 	C:\WINDOWS\System32\ucrtbase.dll
0x00007ffb76bb0000 - 0x00007ffb76e19000 	C:\WINDOWS\WinSxS\amd64_microsoft.windows.common-controls_6595b64144ccf1df_6.0.16299.192_none_15c8cdae9364c23b\COMCTL32.dll
0x00007ffb8e4b0000 - 0x00007ffb8e7b8000 	C:\WINDOWS\System32\combase.dll
0x00007ffb8cb10000 - 0x00007ffb8cb82000 	C:\WINDOWS\System32\bcryptPrimitives.dll
0x00007ffb8e8d0000 - 0x00007ffb8e8fd000 	C:\WINDOWS\System32\IMM32.DLL
0x0000000062690000 - 0x0000000062762000 	C:\Program Files\Android\Android Studio\jre\jre\bin\msvcr100.dll
0x0000000061570000 - 0x0000000061dac000 	C:\Program Files\Android\Android Studio\jre\jre\bin\server\jvm.dll
0x00007ffb8e260000 - 0x00007ffb8e268000 	C:\WINDOWS\System32\PSAPI.DLL
0x00007ffb7d6e0000 - 0x00007ffb7d6ea000 	C:\WINDOWS\SYSTEM32\VERSION.dll
0x00007ffb87d20000 - 0x00007ffb87d43000 	C:\WINDOWS\SYSTEM32\WINMM.dll
0x00007ffb8a010000 - 0x00007ffb8a019000 	C:\WINDOWS\SYSTEM32\WSOCK32.dll
0x00007ffb8e160000 - 0x00007ffb8e1cc000 	C:\WINDOWS\System32\WS2_32.dll
0x00007ffb87cf0000 - 0x00007ffb87d1a000 	C:\WINDOWS\SYSTEM32\winmmbase.dll
0x00007ffb8c910000 - 0x00007ffb8c95a000 	C:\WINDOWS\System32\cfgmgr32.dll
0x00007ffb87e30000 - 0x00007ffb87e3f000 	C:\Program Files\Android\Android Studio\jre\jre\bin\verify.dll
0x00007ffb7d3f0000 - 0x00007ffb7d419000 	C:\Program Files\Android\Android Studio\jre\jre\bin\java.dll
0x00007ffb87880000 - 0x00007ffb87896000 	C:\Program Files\Android\Android Studio\jre\jre\bin\zip.dll
0x00007ffb8cb90000 - 0x00007ffb8dfc6000 	C:\WINDOWS\System32\SHELL32.dll
0x00007ffb8e820000 - 0x00007ffb8e8c6000 	C:\WINDOWS\System32\shcore.dll
0x00007ffb8bd50000 - 0x00007ffb8c497000 	C:\WINDOWS\System32\windows.storage.dll
0x00007ffb8e7c0000 - 0x00007ffb8e811000 	C:\WINDOWS\System32\shlwapi.dll
0x00007ffb8ba80000 - 0x00007ffb8ba91000 	C:\WINDOWS\System32\kernel.appcore.dll
0x00007ffb8ba10000 - 0x00007ffb8ba5c000 	C:\WINDOWS\System32\powrprof.dll
0x00007ffb8ba60000 - 0x00007ffb8ba7b000 	C:\WINDOWS\System32\profapi.dll
0x00007ffb81ce0000 - 0x00007ffb81cfa000 	C:\Program Files\Android\Android Studio\jre\jre\bin\net.dll
0x00007ffb8b2a0000 - 0x00007ffb8b306000 	C:\WINDOWS\system32\mswsock.dll
0x00007ffb80230000 - 0x00007ffb80241000 	C:\Program Files\Android\Android Studio\jre\jre\bin\nio.dll
0x00007ffb3a030000 - 0x00007ffb3a04e000 	C:\Users\angelaburova\.gradle\native\23\windows-amd64\native-platform.dll
0x00007ffb8b470000 - 0x00007ffb8b487000 	C:\WINDOWS\SYSTEM32\CRYPTSP.dll
0x00007ffb8aeb0000 - 0x00007ffb8aee3000 	C:\WINDOWS\system32\rsaenh.dll
0x00007ffb8b570000 - 0x00007ffb8b595000 	C:\WINDOWS\SYSTEM32\bcrypt.dll
0x00007ffb8b940000 - 0x00007ffb8b969000 	C:\WINDOWS\SYSTEM32\USERENV.dll
0x00007ffb8b460000 - 0x00007ffb8b46b000 	C:\WINDOWS\SYSTEM32\CRYPTBASE.dll
0x00007ffb8b030000 - 0x00007ffb8b069000 	C:\WINDOWS\SYSTEM32\IPHLPAPI.DLL
0x00007ffb8e250000 - 0x00007ffb8e258000 	C:\WINDOWS\System32\NSI.dll
0x00007ffb7f350000 - 0x00007ffb7f366000 	C:\WINDOWS\SYSTEM32\dhcpcsvc6.DLL
0x00007ffb7fbd0000 - 0x00007ffb7fbea000 	C:\WINDOWS\SYSTEM32\dhcpcsvc.DLL
0x00007ffb879c0000 - 0x00007ffb879cd000 	C:\Program Files\Android\Android Studio\jre\jre\bin\management.dll

VM Arguments:
jvm_args: -Xmx1536m -Dfile.encoding=windows-1251 -Duser.country=RU -Duser.language=ru -Duser.variant 
java_command: org.gradle.launcher.daemon.bootstrap.GradleDaemon 3.3
java_class_path (initial): C:\Users\angelaburova\.gradle\wrapper\dists\gradle-3.3-all\55gk2rcmfc6p2dg9u9ohc3hw9\gradle-3.3\lib\gradle-launcher-3.3.jar
Launcher Type: SUN_STANDARD

Environment Variables:
JAVA_HOME=D:\NVPACK\jdk1.8.0_77
PATH=C:\Program Files (x86)\NVIDIA Corporation\PhysX\Common;C:\ProgramData\Oracle\Java\javapath;C:\WINDOWS\system32;C:\WINDOWS;C:\WINDOWS\System32\Wbem;C:\WINDOWS\System32\WindowsPowerShell\v1.0\;C:\Program Files (x86)\Java\jre1.8.0_144;C:\Program Files\Java\jdk-9;C:\Program Files\Java\jre-9;C:\Program Files (x86)\GtkSharp\2.12\bin;C:\MinGW\bin;C:\BigARTM\bin;C:\BigARTM\python\artm\wrapper;C:\Python27;C:\Python27\Scripts;C:\BigARTM\protobuf;C:\BigARTM\protobuf\src\google\protobuf;C:\Program Files\Git\cmd;D:\NVPACK\gradle-2.9\bin;D:\NVPACK\apache-ant-1.8.2\bin;D:\NVPACK\jdk1.8.0_77\bin;D:\NVPACK\android-ndk-r12b;D:\NVPACK\android-sdk-windows\extras\android\support;D:\NVPACK\android-sdk-windows\build-tools;D:\NVPACK\android-sdk-windows\platform-tools;D:\NVPACK\android-sdk-windows\tools;C:\Users\angelaburova\AppData\Local\Microsoft\WindowsApps;C:\Python27\python.exe;C:\Python27;C:\Program Files (x86)\Java\jre1.8.0_144;C:\Program Files\Java\jdk-9;C:\Program Files\Java\jre-9;C:\MinGW\bin;C:\BigARTM\bin;C:\BigARTM\python\artm\wrapper;C:\Python27\Scripts;C:\BigARTM\protobuf;C:\BigARTM\protobuf\src\google\protobuf;
USERNAME=angelaburova
OS=Windows_NT
PROCESSOR_IDENTIFIER=Intel64 Family 6 Model 58 Stepping 9, GenuineIntel



---------------  S Y S T E M  ---------------

OS: Windows 10.0 , 64 bit Build 16299 (10.0.16299.15)

CPU:total 4 (2 cores per cpu, 2 threads per core) family 6 model 58 stepping 9, cmov, cx8, fxsr, mmx, sse, sse2, sse3, ssse3, sse4.1, sse4.2, popcnt, avx, clmul, erms, ht, tsc, tscinvbit, tscinv

Memory: 4k page, physical 4073832k(341412k free), swap 10279928k(6588k free)

vm_info: OpenJDK 64-Bit Server VM (25.112-b06) for windows-amd64 JRE (1.8.0_112-release-b06), built on Dec  8 2016 00:54:26 by "builder" with MS VC++ 10.0 (VS2010)

time: Tue Jan 09 20:32:58 2018
elapsed time: 4 seconds (0d 0h 0m 4s)

